{"C:\\Users\\sreeee\\Desktop\\Altcampus\\TA-JS-advanced-dom-and-test-TJaaan\\block-BJaajc\\code\\index.js": {"path":"C:\\Users\\sreeee\\Desktop\\Altcampus\\TA-JS-advanced-dom-and-test-TJaaan\\block-BJaajc\\code\\index.js","statementMap":{"0":{"start":{"line":7,"column":4},"end":{"line":7,"column":38}},"1":{"start":{"line":12,"column":20},"end":{"line":12,"column":56}},"2":{"start":{"line":13,"column":4},"end":{"line":13,"column":29}},"3":{"start":{"line":16,"column":9},"end":{"line":16,"column":13}},"4":{"start":{"line":21,"column":4},"end":{"line":21,"column":48}},"5":{"start":{"line":29,"column":4},"end":{"line":29,"column":44}},"6":{"start":{"line":33,"column":0},"end":{"line":38,"column":1}}},"fnMap":{"0":{"name":"getFullName","decl":{"start":{"line":6,"column":9},"end":{"line":6,"column":20}},"loc":{"start":{"line":6,"column":40},"end":{"line":8,"column":1}},"line":6},"1":{"name":"isPalindrome","decl":{"start":{"line":11,"column":9},"end":{"line":11,"column":21}},"loc":{"start":{"line":11,"column":26},"end":{"line":14,"column":1}},"line":11},"2":{"name":"getCircumfrence","decl":{"start":{"line":19,"column":9},"end":{"line":19,"column":24}},"loc":{"start":{"line":19,"column":32},"end":{"line":23,"column":1}},"line":19},"3":{"name":"getArea","decl":{"start":{"line":27,"column":9},"end":{"line":27,"column":16}},"loc":{"start":{"line":27,"column":24},"end":{"line":30,"column":1}},"line":27}},"branchMap":{},"s":{"0":2,"1":4,"2":4,"3":1,"4":0,"5":3,"6":1},"f":{"0":2,"1":4,"2":0,"3":3},"b":{},"_coverageSchema":"1a1c01bbd47fc00a2c39e90264f33305004495a9","hash":"ddf3b81780ca257addaee37f7c80cef5a8922446"}
}
