<?xml version="1.0" encoding="UTF-8"?>
<coverage generated="1643985198135" clover="3.2.0">
  <project timestamp="1643985198135" name="All files">
    <metrics statements="8" coveredstatements="6" conditionals="0" coveredconditionals="0" methods="4" coveredmethods="3" elements="12" coveredelements="9" complexity="0" loc="8" ncloc="8" packages="1" files="1" classes="1"/>
    <file name="index.js" path="/home/vivek320/Documents/swathi jest/TA-JS-advanced-dom-and-test-TJaaan-1/block-BJaajc/code/index.js">
      <metrics statements="8" coveredstatements="6" conditionals="0" coveredconditionals="0" methods="4" coveredmethods="3"/>
      <line num="4" count="2" type="stmt"/>
      <line num="9" count="0" type="stmt"/>
      <line num="10" count="0" type="stmt"/>
      <line num="13" count="1" type="stmt"/>
      <line num="18" count="2" type="stmt"/>
      <line num="25" count="2" type="stmt"/>
      <line num="26" count="2" type="stmt"/>
      <line num="31" count="1" type="stmt"/>
    </file>
  </project>
</coverage>
