{"/home/vivek320/Documents/swathi jest/TA-JS-advanced-dom-and-test-TJaaan-1/block-BJaajc/code/index.js": {"path":"/home/vivek320/Documents/swathi jest/TA-JS-advanced-dom-and-test-TJaaan-1/block-BJaajc/code/index.js","statementMap":{"0":{"start":{"line":4,"column":4},"end":{"line":4,"column":38}},"1":{"start":{"line":9,"column":20},"end":{"line":9,"column":56}},"2":{"start":{"line":10,"column":4},"end":{"line":10,"column":29}},"3":{"start":{"line":13,"column":9},"end":{"line":13,"column":13}},"4":{"start":{"line":18,"column":4},"end":{"line":18,"column":65}},"5":{"start":{"line":25,"column":16},"end":{"line":25,"column":49}},"6":{"start":{"line":26,"column":4},"end":{"line":26,"column":33}},"7":{"start":{"line":31,"column":0},"end":{"line":31,"column":67}}},"fnMap":{"0":{"name":"getFullName","decl":{"start":{"line":3,"column":9},"end":{"line":3,"column":20}},"loc":{"start":{"line":3,"column":40},"end":{"line":5,"column":1}},"line":3},"1":{"name":"isPalindrome","decl":{"start":{"line":8,"column":9},"end":{"line":8,"column":21}},"loc":{"start":{"line":8,"column":26},"end":{"line":11,"column":1}},"line":8},"2":{"name":"getCircumference","decl":{"start":{"line":16,"column":9},"end":{"line":16,"column":25}},"loc":{"start":{"line":16,"column":33},"end":{"line":20,"column":1}},"line":16},"3":{"name":"getArea","decl":{"start":{"line":24,"column":9},"end":{"line":24,"column":16}},"loc":{"start":{"line":24,"column":24},"end":{"line":27,"column":1}},"line":24}},"branchMap":{},"s":{"0":2,"1":0,"2":0,"3":1,"4":2,"5":2,"6":2,"7":1},"f":{"0":2,"1":0,"2":2,"3":2},"b":{},"_coverageSchema":"1a1c01bbd47fc00a2c39e90264f33305004495a9","hash":"66dfa2ec51b0308bfd4b910aa15ea5913c388fa8"}
}
